app/build/intermediates/manifest_merge_blame_file/debug/processDebugMainManifest/manifest-merger-blame-debug-report.txt
1<?xml version="1.0" encoding="utf-8"?>
2<manifest xmlns:android="http://schemas.android.com/apk/res/android"
3    package="com.keling.app"
4    android:versionCode="1"
5    android:versionName="1.0.0" >
6
7    <uses-sdk
8        android:minSdkVersion="26"
9        android:targetSdkVersion="34" />
10
11    <!-- 网络权限 -->
12    <uses-permission android:name="android.permission.INTERNET" />
12-->src\main\AndroidManifest.xml:6:5-67
12-->src\main\AndroidManifest.xml:6:22-64
13    <uses-permission android:name="android.permission.ACCESS_NETWORK_STATE" />
13-->src\main\AndroidManifest.xml:7:5-79
13-->src\main\AndroidManifest.xml:7:22-76
14
15    <!-- 相机权限 (OCR) -->
16    <uses-permission android:name="android.permission.CAMERA" />
16-->src\main\AndroidManifest.xml:10:5-65
16-->src\main\AndroidManifest.xml:10:22-62
17
18    <uses-feature
18-->src\main\AndroidManifest.xml:11:5-85
19        android:name="android.hardware.camera"
19-->src\main\AndroidManifest.xml:11:19-57
20        android:required="false" />
20-->src\main\AndroidManifest.xml:11:58-82
21
22    <!-- 存储权限 -->
23    <uses-permission
23-->src\main\AndroidManifest.xml:14:5-15:38
24        android:name="android.permission.READ_EXTERNAL_STORAGE"
24-->src\main\AndroidManifest.xml:14:22-77
25        android:maxSdkVersion="32" />
25-->src\main\AndroidManifest.xml:15:9-35
26
27    <!-- 录音权限 (语音交互) -->
28    <uses-permission android:name="android.permission.RECORD_AUDIO" />
28-->src\main\AndroidManifest.xml:18:5-71
28-->src\main\AndroidManifest.xml:18:22-68
29
30    <!-- 振动权限 (游戏反馈) -->
31    <uses-permission android:name="android.permission.VIBRATE" />
31-->src\main\AndroidManifest.xml:21:5-66
31-->src\main\AndroidManifest.xml:21:22-63
32
33    <!-- 生物识别 -->
34    <uses-permission android:name="android.permission.USE_BIOMETRIC" />
34-->src\main\AndroidManifest.xml:24:5-72
34-->src\main\AndroidManifest.xml:24:22-69
35
36    <!-- suppress DeprecatedClassUsageInspection -->
37    <uses-permission android:name="android.permission.USE_FINGERPRINT" />
37-->[androidx.biometric:biometric:1.1.0] AndroidManifest.xml:27:5-74
37-->[androidx.biometric:biometric:1.1.0] AndroidManifest.xml:27:22-71
38
39    <permission
39-->[androidx.core:core:1.12.0] AndroidManifest.xml:22:5-24:47
40        android:name="com.keling.app.DYNAMIC_RECEIVER_NOT_EXPORTED_PERMISSION"
40-->[androidx.core:core:1.12.0] AndroidManifest.xml:23:9-81
41        android:protectionLevel="signature" />
41-->[androidx.core:core:1.12.0] AndroidManifest.xml:24:9-44
42
43    <uses-permission android:name="com.keling.app.DYNAMIC_RECEIVER_NOT_EXPORTED_PERMISSION" />
43-->[androidx.core:core:1.12.0] AndroidManifest.xml:26:5-97
43-->[androidx.core:core:1.12.0] AndroidManifest.xml:26:22-94
44
45    <application
45-->src\main\AndroidManifest.xml:26:5-49:19
46        android:name="com.keling.app.KelingApplication"
46-->src\main\AndroidManifest.xml:27:9-42
47        android:allowBackup="true"
47-->src\main\AndroidManifest.xml:28:9-35
48        android:appComponentFactory="androidx.core.app.CoreComponentFactory"
48-->[androidx.core:core:1.12.0] AndroidManifest.xml:28:18-86
49        android:dataExtractionRules="@xml/data_extraction_rules"
49-->src\main\AndroidManifest.xml:29:9-65
50        android:debuggable="true"
51        android:extractNativeLibs="false"
52        android:fullBackupContent="@xml/backup_rules"
52-->src\main\AndroidManifest.xml:30:9-54
53        android:icon="@mipmap/ic_launcher"
53-->src\main\AndroidManifest.xml:31:9-43
54        android:label="@string/app_name"
54-->src\main\AndroidManifest.xml:32:9-41
55        android:roundIcon="@mipmap/ic_launcher_round"
55-->src\main\AndroidManifest.xml:33:9-54
56        android:supportsRtl="true"
56-->src\main\AndroidManifest.xml:34:9-35
57        android:testOnly="true"
58        android:theme="@style/Theme.KeLing" >
58-->src\main\AndroidManifest.xml:35:9-44
59        <activity
59-->src\main\AndroidManifest.xml:38:9-48:20
60            android:name="com.keling.app.MainActivity"
60-->src\main\AndroidManifest.xml:39:13-41
61            android:configChanges="orientation|screenSize|screenLayout|keyboardHidden"
61-->src\main\AndroidManifest.xml:42:13-87
62            android:exported="true"
62-->src\main\AndroidManifest.xml:40:13-36
63            android:theme="@style/Theme.KeLing"
63-->src\main\AndroidManifest.xml:41:13-48
64            android:windowSoftInputMode="adjustResize" >
64-->src\main\AndroidManifest.xml:43:13-55
65            <intent-filter>
65-->src\main\AndroidManifest.xml:44:13-47:29
66                <action android:name="android.intent.action.MAIN" />
66-->src\main\AndroidManifest.xml:45:17-69
66-->src\main\AndroidManifest.xml:45:25-66
67
68                <category android:name="android.intent.category.LAUNCHER" />
68-->src\main\AndroidManifest.xml:46:17-77
68-->src\main\AndroidManifest.xml:46:27-74
69            </intent-filter>
70        </activity>
71        <!--
72        Service for holding metadata. Cannot be instantiated.
73        Metadata will be merged from other manifests.
74        -->
75        <service
75-->[androidx.camera:camera-core:1.3.0] AndroidManifest.xml:29:9-33:78
76            android:name="androidx.camera.core.impl.MetadataHolderService"
76-->[androidx.camera:camera-core:1.3.0] AndroidManifest.xml:30:13-75
77            android:enabled="false"
77-->[androidx.camera:camera-core:1.3.0] AndroidManifest.xml:31:13-36
78            android:exported="false" >
78-->[androidx.camera:camera-core:1.3.0] AndroidManifest.xml:32:13-37
79            <meta-data
79-->[androidx.camera:camera-camera2:1.3.0] AndroidManifest.xml:30:13-32:89
80                android:name="androidx.camera.core.impl.MetadataHolderService.DEFAULT_CONFIG_PROVIDER"
80-->[androidx.camera:camera-camera2:1.3.0] AndroidManifest.xml:31:17-103
81                android:value="androidx.camera.camera2.Camera2Config$DefaultProvider" />
81-->[androidx.camera:camera-camera2:1.3.0] AndroidManifest.xml:32:17-86
82        </service>
83        <service
83-->[com.google.android.gms:play-services-mlkit-text-recognition-common:19.0.0] AndroidManifest.xml:9:9-15:19
84            android:name="com.google.mlkit.common.internal.MlKitComponentDiscoveryService"
84-->[com.google.android.gms:play-services-mlkit-text-recognition-common:19.0.0] AndroidManifest.xml:10:13-91
85            android:directBootAware="true"
85-->[com.google.mlkit:common:18.8.0] AndroidManifest.xml:17:13-43
86            android:exported="false" >
86-->[com.google.android.gms:play-services-mlkit-text-recognition-common:19.0.0] AndroidManifest.xml:11:13-37
87            <meta-data
87-->[com.google.android.gms:play-services-mlkit-text-recognition-common:19.0.0] AndroidManifest.xml:12:13-14:85
88                android:name="com.google.firebase.components:com.google.mlkit.vision.text.internal.TextRegistrar"
88-->[com.google.android.gms:play-services-mlkit-text-recognition-common:19.0.0] AndroidManifest.xml:13:17-114
89                android:value="com.google.firebase.components.ComponentRegistrar" />
89-->[com.google.android.gms:play-services-mlkit-text-recognition-common:19.0.0] AndroidManifest.xml:14:17-82
90            <meta-data
90-->[com.google.mlkit:vision-common:17.3.0] AndroidManifest.xml:12:13-14:85
91                android:name="com.google.firebase.components:com.google.mlkit.vision.common.internal.VisionCommonRegistrar"
91-->[com.google.mlkit:vision-common:17.3.0] AndroidManifest.xml:13:17-124
92                android:value="com.google.firebase.components.ComponentRegistrar" />
92-->[com.google.mlkit:vision-common:17.3.0] AndroidManifest.xml:14:17-82
93            <meta-data
93-->[com.google.mlkit:common:18.8.0] AndroidManifest.xml:20:13-22:85
94                android:name="com.google.firebase.components:com.google.mlkit.common.internal.CommonComponentRegistrar"
94-->[com.google.mlkit:common:18.8.0] AndroidManifest.xml:21:17-120
95                android:value="com.google.firebase.components.ComponentRegistrar" />
95-->[com.google.mlkit:common:18.8.0] AndroidManifest.xml:22:17-82
96        </service>
97
98        <provider
98-->[com.google.mlkit:common:18.8.0] AndroidManifest.xml:9:9-13:38
99            android:name="com.google.mlkit.common.internal.MlKitInitProvider"
99-->[com.google.mlkit:common:18.8.0] AndroidManifest.xml:10:13-78
100            android:authorities="com.keling.app.mlkitinitprovider"
100-->[com.google.mlkit:common:18.8.0] AndroidManifest.xml:11:13-69
101            android:exported="false"
101-->[com.google.mlkit:common:18.8.0] AndroidManifest.xml:12:13-37
102            android:initOrder="99" />
102-->[com.google.mlkit:common:18.8.0] AndroidManifest.xml:13:13-35
103
104        <activity
104-->[com.google.android.gms:play-services-base:18.1.0] AndroidManifest.xml:20:9-22:45
105            android:name="com.google.android.gms.common.api.GoogleApiActivity"
105-->[com.google.android.gms:play-services-base:18.1.0] AndroidManifest.xml:20:19-85
106            android:exported="false"
106-->[com.google.android.gms:play-services-base:18.1.0] AndroidManifest.xml:22:19-43
107            android:theme="@android:style/Theme.Translucent.NoTitleBar" />
107-->[com.google.android.gms:play-services-base:18.1.0] AndroidManifest.xml:21:19-78
108
109        <meta-data
109-->[com.google.android.gms:play-services-basement:18.1.0] AndroidManifest.xml:21:9-23:69
110            android:name="com.google.android.gms.version"
110-->[com.google.android.gms:play-services-basement:18.1.0] AndroidManifest.xml:22:13-58
111            android:value="@integer/google_play_services_version" />
111-->[com.google.android.gms:play-services-basement:18.1.0] AndroidManifest.xml:23:13-66
112
113        <activity
113-->[androidx.compose.ui:ui-tooling-android:1.5.4] AndroidManifest.xml:23:9-25:39
114            android:name="androidx.compose.ui.tooling.PreviewActivity"
114-->[androidx.compose.ui:ui-tooling-android:1.5.4] AndroidManifest.xml:24:13-71
115            android:exported="true" />
115-->[androidx.compose.ui:ui-tooling-android:1.5.4] AndroidManifest.xml:25:13-36
116
117        <provider
117-->[androidx.emoji2:emoji2:1.4.0] AndroidManifest.xml:24:9-32:20
118            android:name="androidx.startup.InitializationProvider"
118-->[androidx.emoji2:emoji2:1.4.0] AndroidManifest.xml:25:13-67
119            android:authorities="com.keling.app.androidx-startup"
119-->[androidx.emoji2:emoji2:1.4.0] AndroidManifest.xml:26:13-68
120            android:exported="false" >
120-->[androidx.emoji2:emoji2:1.4.0] AndroidManifest.xml:27:13-37
121            <meta-data
121-->[androidx.emoji2:emoji2:1.4.0] AndroidManifest.xml:29:13-31:52
122                android:name="androidx.emoji2.text.EmojiCompatInitializer"
122-->[androidx.emoji2:emoji2:1.4.0] AndroidManifest.xml:30:17-75
123                android:value="androidx.startup" />
123-->[androidx.emoji2:emoji2:1.4.0] AndroidManifest.xml:31:17-49
124            <meta-data
124-->[androidx.lifecycle:lifecycle-process:2.6.2] AndroidManifest.xml:29:13-31:52
125                android:name="androidx.lifecycle.ProcessLifecycleInitializer"
125-->[androidx.lifecycle:lifecycle-process:2.6.2] AndroidManifest.xml:30:17-78
126                android:value="androidx.startup" />
126-->[androidx.lifecycle:lifecycle-process:2.6.2] AndroidManifest.xml:31:17-49
127            <meta-data
127-->[androidx.profileinstaller:profileinstaller:1.3.1] AndroidManifest.xml:29:13-31:52
128                android:name="androidx.profileinstaller.ProfileInstallerInitializer"
128-->[androidx.profileinstaller:profileinstaller:1.3.1] AndroidManifest.xml:30:17-85
129                android:value="androidx.startup" />
129-->[androidx.profileinstaller:profileinstaller:1.3.1] AndroidManifest.xml:31:17-49
130        </provider>
131
132        <activity
132-->[androidx.compose.ui:ui-test-manifest:1.5.4] AndroidManifest.xml:23:9-25:39
133            android:name="androidx.activity.ComponentActivity"
133-->[androidx.compose.ui:ui-test-manifest:1.5.4] AndroidManifest.xml:24:13-63
134            android:exported="true" />
134-->[androidx.compose.ui:ui-test-manifest:1.5.4] AndroidManifest.xml:25:13-36
135
136        <service
136-->[androidx.room:room-runtime:2.6.1] AndroidManifest.xml:24:9-28:63
137            android:name="androidx.room.MultiInstanceInvalidationService"
137-->[androidx.room:room-runtime:2.6.1] AndroidManifest.xml:25:13-74
138            android:directBootAware="true"
138-->[androidx.room:room-runtime:2.6.1] AndroidManifest.xml:26:13-43
139            android:exported="false" />
139-->[androidx.room:room-runtime:2.6.1] AndroidManifest.xml:27:13-37
140        <service
140-->[com.google.android.datatransport:transport-backend-cct:2.3.3] AndroidManifest.xml:29:9-35:19
141            android:name="com.google.android.datatransport.runtime.backends.TransportBackendDiscovery"
141-->[com.google.android.datatransport:transport-backend-cct:2.3.3] AndroidManifest.xml:30:13-103
142            android:exported="false" >
142-->[com.google.android.datatransport:transport-backend-cct:2.3.3] AndroidManifest.xml:31:13-37
143            <meta-data
143-->[com.google.android.datatransport:transport-backend-cct:2.3.3] AndroidManifest.xml:32:13-34:39
144                android:name="backend:com.google.android.datatransport.cct.CctBackendFactory"
144-->[com.google.android.datatransport:transport-backend-cct:2.3.3] AndroidManifest.xml:33:17-94
145                android:value="cct" />
145-->[com.google.android.datatransport:transport-backend-cct:2.3.3] AndroidManifest.xml:34:17-36
146        </service>
147        <service
147-->[com.google.android.datatransport:transport-runtime:2.2.6] AndroidManifest.xml:26:9-30:19
148            android:name="com.google.android.datatransport.runtime.scheduling.jobscheduling.JobInfoSchedulerService"
148-->[com.google.android.datatransport:transport-runtime:2.2.6] AndroidManifest.xml:27:13-117
149            android:exported="false"
149-->[com.google.android.datatransport:transport-runtime:2.2.6] AndroidManifest.xml:28:13-37
150            android:permission="android.permission.BIND_JOB_SERVICE" >
150-->[com.google.android.datatransport:transport-runtime:2.2.6] AndroidManifest.xml:29:13-69
151        </service>
152
153        <receiver
153-->[com.google.android.datatransport:transport-runtime:2.2.6] AndroidManifest.xml:32:9-34:40
154            android:name="com.google.android.datatransport.runtime.scheduling.jobscheduling.AlarmManagerSchedulerBroadcastReceiver"
154-->[com.google.android.datatransport:transport-runtime:2.2.6] AndroidManifest.xml:33:13-132
155            android:exported="false" />
155-->[com.google.android.datatransport:transport-runtime:2.2.6] AndroidManifest.xml:34:13-37
156        <receiver
156-->[androidx.profileinstaller:profileinstaller:1.3.1] AndroidManifest.xml:34:9-52:20
157            android:name="androidx.profileinstaller.ProfileInstallReceiver"
157-->[androidx.profileinstaller:profileinstaller:1.3.1] AndroidManifest.xml:35:13-76
158            android:directBootAware="false"
158-->[androidx.profileinstaller:profileinstaller:1.3.1] AndroidManifest.xml:36:13-44
159            android:enabled="true"
159-->[androidx.profileinstaller:profileinstaller:1.3.1] AndroidManifest.xml:37:13-35
160            android:exported="true"
160-->[androidx.profileinstaller:profileinstaller:1.3.1] AndroidManifest.xml:38:13-36
161            android:permission="android.permission.DUMP" >
161-->[androidx.profileinstaller:profileinstaller:1.3.1] AndroidManifest.xml:39:13-57
162            <intent-filter>
162-->[androidx.profileinstaller:profileinstaller:1.3.1] AndroidManifest.xml:40:13-42:29
163                <action android:name="androidx.profileinstaller.action.INSTALL_PROFILE" />
163-->[androidx.profileinstaller:profileinstaller:1.3.1] AndroidManifest.xml:41:17-91
163-->[androidx.profileinstaller:profileinstaller:1.3.1] AndroidManifest.xml:41:25-88
164            </intent-filter>
165            <intent-filter>
165-->[androidx.profileinstaller:profileinstaller:1.3.1] AndroidManifest.xml:43:13-45:29
166                <action android:name="androidx.profileinstaller.action.SKIP_FILE" />
166-->[androidx.profileinstaller:profileinstaller:1.3.1] AndroidManifest.xml:44:17-85
166-->[androidx.profileinstaller:profileinstaller:1.3.1] AndroidManifest.xml:44:25-82
167            </intent-filter>
168            <intent-filter>
168-->[androidx.profileinstaller:profileinstaller:1.3.1] AndroidManifest.xml:46:13-48:29
169                <action android:name="androidx.profileinstaller.action.SAVE_PROFILE" />
169-->[androidx.profileinstaller:profileinstaller:1.3.1] AndroidManifest.xml:47:17-88
169-->[androidx.profileinstaller:profileinstaller:1.3.1] AndroidManifest.xml:47:25-85
170            </intent-filter>
171            <intent-filter>
171-->[androidx.profileinstaller:profileinstaller:1.3.1] AndroidManifest.xml:49:13-51:29
172                <action android:name="androidx.profileinstaller.action.BENCHMARK_OPERATION" />
172-->[androidx.profileinstaller:profileinstaller:1.3.1] AndroidManifest.xml:50:17-95
172-->[androidx.profileinstaller:profileinstaller:1.3.1] AndroidManifest.xml:50:25-92
173            </intent-filter>
174        </receiver>
175    </application>
176
177</manifest>